<?xml version="1.0" encoding="UTF-8"?>
<testsuites name="Backend Tests" tests="16" failures="9" errors="0" time="4.836">
  <testsuite name="AppController" errors="0" failures="0" skipped="0" timestamp="2025-11-25T22:10:22" time="1.834" tests="1">
    <testcase classname="AppController root" name="should return &quot;Hello World!&quot;" time="0.035">
    </testcase>
  </testsuite>
  <testsuite name="DemandeService" errors="0" failures="1" skipped="0" timestamp="2025-11-25T22:10:22" time="2.601" tests="1">
    <testcase classname="DemandeService" name="should be defined" time="0.018">
      <failure>Error: A circular dependency has been detected inside RootTestModule. Please, make sure that each side of a bidirectional relationships are decorated with &quot;forwardRef()&quot;. Note that circular relationships between custom providers (e.g., factories) are not supported since functions cannot be called more than once.
    at NestContainer.addProvider (D:\projet academique\smartFalleh\backend\node_modules\@nestjs\core\injector\container.js:160:19)
    at DependenciesScanner.insertProvider (D:\projet academique\smartFalleh\backend\node_modules\@nestjs\core\scanner.js:234:35)
    at D:\projet academique\smartFalleh\backend\node_modules\@nestjs\core\scanner.js:123:18
    at Array.forEach (&lt;anonymous&gt;)
    at DependenciesScanner.reflectProviders (D:\projet academique\smartFalleh\backend\node_modules\@nestjs\core\scanner.js:122:19)
    at DependenciesScanner.scanModulesForDependencies (D:\projet academique\smartFalleh\backend\node_modules\@nestjs\core\scanner.js:103:18)
    at processTicksAndRejections (node:internal/process/task_queues:105:5)
    at DependenciesScanner.scan (D:\projet academique\smartFalleh\backend\node_modules\@nestjs\core\scanner.js:32:9)
    at TestingModuleBuilder.compile (D:\projet academique\smartFalleh\backend\node_modules\@nestjs\testing\testing-module.builder.js:70:9)
    at Object.&lt;anonymous&gt; (D:\projet academique\smartFalleh\backend\src\demande\demande.service.spec.ts:8:35)</failure>
    </testcase>
  </testsuite>
  <testsuite name="CooperativeService" errors="0" failures="1" skipped="0" timestamp="2025-11-25T22:10:22" time="2.848" tests="1">
    <testcase classname="CooperativeService" name="should be defined" time="0.036">
      <failure>Error: Nest can&apos;t resolve dependencies of the CooperativeService (?). Please make sure that the argument &quot;CooperativeRepository&quot; at index [0] is available in the RootTestModule context.

Potential solutions:
- Is RootTestModule a valid NestJS module?
- If &quot;CooperativeRepository&quot; is a provider, is it part of the current RootTestModule?
- If &quot;CooperativeRepository&quot; is exported from a separate @Module, is that module imported within RootTestModule?
  @Module({
    imports: [ /* the Module containing &quot;CooperativeRepository&quot; */ ]
  })

For more common dependency resolution issues, see: https://docs.nestjs.com/faq/common-errors
    at TestingInjector.lookupComponentInParentModules (D:\projet academique\smartFalleh\backend\node_modules\@nestjs\core\injector\injector.js:286:19)
    at processTicksAndRejections (node:internal/process/task_queues:105:5)
    at TestingInjector.resolveComponentWrapper (D:\projet academique\smartFalleh\backend\node_modules\@nestjs\testing\testing-injector.js:19:45)
    at resolveParam (D:\projet academique\smartFalleh\backend\node_modules\@nestjs\core\injector\injector.js:140:38)
    at async Promise.all (index 0)
    at TestingInjector.resolveConstructorParams (D:\projet academique\smartFalleh\backend\node_modules\@nestjs\core\injector\injector.js:169:27)
    at TestingInjector.loadInstance (D:\projet academique\smartFalleh\backend\node_modules\@nestjs\core\injector\injector.js:75:13)
    at TestingInjector.loadProvider (D:\projet academique\smartFalleh\backend\node_modules\@nestjs\core\injector\injector.js:103:9)
    at D:\projet academique\smartFalleh\backend\node_modules\@nestjs\core\injector\instance-loader.js:56:13
    at async Promise.all (index 3)
    at TestingInstanceLoader.createInstancesOfProviders (D:\projet academique\smartFalleh\backend\node_modules\@nestjs\core\injector\instance-loader.js:55:9)
    at D:\projet academique\smartFalleh\backend\node_modules\@nestjs\core\injector\instance-loader.js:40:13
    at async Promise.all (index 1)
    at TestingInstanceLoader.createInstances (D:\projet academique\smartFalleh\backend\node_modules\@nestjs\core\injector\instance-loader.js:39:9)
    at TestingInstanceLoader.createInstancesOfDependencies (D:\projet academique\smartFalleh\backend\node_modules\@nestjs\core\injector\instance-loader.js:22:13)
    at TestingInstanceLoader.createInstancesOfDependencies (D:\projet academique\smartFalleh\backend\node_modules\@nestjs\testing\testing-instance-loader.js:9:9)
    at TestingModuleBuilder.createInstancesOfDependencies (D:\projet academique\smartFalleh\backend\node_modules\@nestjs\testing\testing-module.builder.js:118:9)
    at TestingModuleBuilder.compile (D:\projet academique\smartFalleh\backend\node_modules\@nestjs\testing\testing-module.builder.js:74:9)
    at Object.&lt;anonymous&gt; (D:\projet academique\smartFalleh\backend\src\cooperative\cooperative.service.spec.ts:8:35)</failure>
    </testcase>
  </testsuite>
  <testsuite name="UsersService" errors="0" failures="1" skipped="0" timestamp="2025-11-25T22:10:22" time="3.127" tests="1">
    <testcase classname="UsersService" name="should be defined" time="0.042">
      <failure>Error: Nest can&apos;t resolve dependencies of the UsersService (?, CooperativeRepository, JwtService, MailService). Please make sure that the argument &quot;UserRepository&quot; at index [0] is available in the RootTestModule context.

Potential solutions:
- Is RootTestModule a valid NestJS module?
- If &quot;UserRepository&quot; is a provider, is it part of the current RootTestModule?
- If &quot;UserRepository&quot; is exported from a separate @Module, is that module imported within RootTestModule?
  @Module({
    imports: [ /* the Module containing &quot;UserRepository&quot; */ ]
  })

For more common dependency resolution issues, see: https://docs.nestjs.com/faq/common-errors
    at TestingInjector.lookupComponentInParentModules (D:\projet academique\smartFalleh\backend\node_modules\@nestjs\core\injector\injector.js:286:19)
    at processTicksAndRejections (node:internal/process/task_queues:105:5)
    at TestingInjector.resolveComponentWrapper (D:\projet academique\smartFalleh\backend\node_modules\@nestjs\testing\testing-injector.js:19:45)
    at resolveParam (D:\projet academique\smartFalleh\backend\node_modules\@nestjs\core\injector\injector.js:140:38)
    at async Promise.all (index 0)
    at TestingInjector.resolveConstructorParams (D:\projet academique\smartFalleh\backend\node_modules\@nestjs\core\injector\injector.js:169:27)
    at TestingInjector.loadInstance (D:\projet academique\smartFalleh\backend\node_modules\@nestjs\core\injector\injector.js:75:13)
    at TestingInjector.loadProvider (D:\projet academique\smartFalleh\backend\node_modules\@nestjs\core\injector\injector.js:103:9)
    at D:\projet academique\smartFalleh\backend\node_modules\@nestjs\core\injector\instance-loader.js:56:13
    at async Promise.all (index 3)
    at TestingInstanceLoader.createInstancesOfProviders (D:\projet academique\smartFalleh\backend\node_modules\@nestjs\core\injector\instance-loader.js:55:9)
    at D:\projet academique\smartFalleh\backend\node_modules\@nestjs\core\injector\instance-loader.js:40:13
    at async Promise.all (index 1)
    at TestingInstanceLoader.createInstances (D:\projet academique\smartFalleh\backend\node_modules\@nestjs\core\injector\instance-loader.js:39:9)
    at TestingInstanceLoader.createInstancesOfDependencies (D:\projet academique\smartFalleh\backend\node_modules\@nestjs\core\injector\instance-loader.js:22:13)
    at TestingInstanceLoader.createInstancesOfDependencies (D:\projet academique\smartFalleh\backend\node_modules\@nestjs\testing\testing-instance-loader.js:9:9)
    at TestingModuleBuilder.createInstancesOfDependencies (D:\projet academique\smartFalleh\backend\node_modules\@nestjs\testing\testing-module.builder.js:118:9)
    at TestingModuleBuilder.compile (D:\projet academique\smartFalleh\backend\node_modules\@nestjs\testing\testing-module.builder.js:74:9)
    at Object.&lt;anonymous&gt; (D:\projet academique\smartFalleh\backend\src\users\users.service.spec.ts:8:35)</failure>
    </testcase>
  </testsuite>
  <testsuite name="DemandeController" errors="0" failures="1" skipped="0" timestamp="2025-11-25T22:10:22" time="3.244" tests="1">
    <testcase classname="DemandeController" name="should be defined" time="0.015">
      <failure>Error: A circular dependency has been detected inside RootTestModule. Please, make sure that each side of a bidirectional relationships are decorated with &quot;forwardRef()&quot;. Note that circular relationships between custom providers (e.g., factories) are not supported since functions cannot be called more than once.
    at NestContainer.addProvider (D:\projet academique\smartFalleh\backend\node_modules\@nestjs\core\injector\container.js:160:19)
    at DependenciesScanner.insertProvider (D:\projet academique\smartFalleh\backend\node_modules\@nestjs\core\scanner.js:234:35)
    at D:\projet academique\smartFalleh\backend\node_modules\@nestjs\core\scanner.js:123:18
    at Array.forEach (&lt;anonymous&gt;)
    at DependenciesScanner.reflectProviders (D:\projet academique\smartFalleh\backend\node_modules\@nestjs\core\scanner.js:122:19)
    at DependenciesScanner.scanModulesForDependencies (D:\projet academique\smartFalleh\backend\node_modules\@nestjs\core\scanner.js:103:18)
    at processTicksAndRejections (node:internal/process/task_queues:105:5)
    at DependenciesScanner.scan (D:\projet academique\smartFalleh\backend\node_modules\@nestjs\core\scanner.js:32:9)
    at TestingModuleBuilder.compile (D:\projet academique\smartFalleh\backend\node_modules\@nestjs\testing\testing-module.builder.js:70:9)
    at Object.&lt;anonymous&gt; (D:\projet academique\smartFalleh\backend\src\demande\demande.controller.spec.ts:9:35)</failure>
    </testcase>
  </testsuite>
  <testsuite name="AuthService" errors="0" failures="3" skipped="0" timestamp="2025-11-25T22:10:24" time="1.455" tests="7">
    <testcase classname="AuthService" name="should be defined" time="0.012">
    </testcase>
    <testcase classname="AuthService" name="should return null when user does not exist" time="0.005">
    </testcase>
    <testcase classname="AuthService" name="should return null when password is incorrect" time="0.007">
      <failure>TypeError: Cannot redefine property: compare
    at Function.defineProperty (&lt;anonymous&gt;)
    at ModuleMocker.spyOn (D:\projet academique\smartFalleh\backend\node_modules\jest-mock\build\index.js:616:16)
    at Object.&lt;anonymous&gt; (D:\projet academique\smartFalleh\backend\src\auth\auth.service.spec.ts:65:10)
    at Promise.finally.completed (D:\projet academique\smartFalleh\backend\node_modules\jest-circus\build\jestAdapterInit.js:1557:28)
    at new Promise (&lt;anonymous&gt;)
    at callAsyncCircusFn (D:\projet academique\smartFalleh\backend\node_modules\jest-circus\build\jestAdapterInit.js:1497:10)
    at _callCircusTest (D:\projet academique\smartFalleh\backend\node_modules\jest-circus\build\jestAdapterInit.js:1007:40)
    at processTicksAndRejections (node:internal/process/task_queues:105:5)
    at _runTest (D:\projet academique\smartFalleh\backend\node_modules\jest-circus\build\jestAdapterInit.js:947:3)
    at D:\projet academique\smartFalleh\backend\node_modules\jest-circus\build\jestAdapterInit.js:849:7
    at _runTestsForDescribeBlock (D:\projet academique\smartFalleh\backend\node_modules\jest-circus\build\jestAdapterInit.js:862:11)
    at _runTestsForDescribeBlock (D:\projet academique\smartFalleh\backend\node_modules\jest-circus\build\jestAdapterInit.js:857:11)
    at run (D:\projet academique\smartFalleh\backend\node_modules\jest-circus\build\jestAdapterInit.js:761:3)
    at runAndTransformResultsToJestFormat (D:\projet academique\smartFalleh\backend\node_modules\jest-circus\build\jestAdapterInit.js:1918:21)
    at jestAdapter (D:\projet academique\smartFalleh\backend\node_modules\jest-circus\build\runner.js:101:19)
    at runTestInternal (D:\projet academique\smartFalleh\backend\node_modules\jest-runner\build\testWorker.js:275:16)
    at runTest (D:\projet academique\smartFalleh\backend\node_modules\jest-runner\build\testWorker.js:343:7)
    at Object.worker (D:\projet academique\smartFalleh\backend\node_modules\jest-runner\build\testWorker.js:497:12)</failure>
    </testcase>
    <testcase classname="AuthService" name="should return null when account is inactive" time="0.004">
      <failure>TypeError: Cannot redefine property: compare
    at Function.defineProperty (&lt;anonymous&gt;)
    at ModuleMocker.spyOn (D:\projet academique\smartFalleh\backend\node_modules\jest-mock\build\index.js:616:16)
    at Object.&lt;anonymous&gt; (D:\projet academique\smartFalleh\backend\src\auth\auth.service.spec.ts:89:10)
    at Promise.finally.completed (D:\projet academique\smartFalleh\backend\node_modules\jest-circus\build\jestAdapterInit.js:1557:28)
    at new Promise (&lt;anonymous&gt;)
    at callAsyncCircusFn (D:\projet academique\smartFalleh\backend\node_modules\jest-circus\build\jestAdapterInit.js:1497:10)
    at _callCircusTest (D:\projet academique\smartFalleh\backend\node_modules\jest-circus\build\jestAdapterInit.js:1007:40)
    at processTicksAndRejections (node:internal/process/task_queues:105:5)
    at _runTest (D:\projet academique\smartFalleh\backend\node_modules\jest-circus\build\jestAdapterInit.js:947:3)
    at D:\projet academique\smartFalleh\backend\node_modules\jest-circus\build\jestAdapterInit.js:849:7
    at _runTestsForDescribeBlock (D:\projet academique\smartFalleh\backend\node_modules\jest-circus\build\jestAdapterInit.js:862:11)
    at _runTestsForDescribeBlock (D:\projet academique\smartFalleh\backend\node_modules\jest-circus\build\jestAdapterInit.js:857:11)
    at run (D:\projet academique\smartFalleh\backend\node_modules\jest-circus\build\jestAdapterInit.js:761:3)
    at runAndTransformResultsToJestFormat (D:\projet academique\smartFalleh\backend\node_modules\jest-circus\build\jestAdapterInit.js:1918:21)
    at jestAdapter (D:\projet academique\smartFalleh\backend\node_modules\jest-circus\build\runner.js:101:19)
    at runTestInternal (D:\projet academique\smartFalleh\backend\node_modules\jest-runner\build\testWorker.js:275:16)
    at runTest (D:\projet academique\smartFalleh\backend\node_modules\jest-runner\build\testWorker.js:343:7)
    at Object.worker (D:\projet academique\smartFalleh\backend\node_modules\jest-runner\build\testWorker.js:497:12)</failure>
    </testcase>
    <testcase classname="AuthService" name="should return user when credentials are valid and account is active" time="0.006">
      <failure>TypeError: Cannot redefine property: compare
    at Function.defineProperty (&lt;anonymous&gt;)
    at ModuleMocker.spyOn (D:\projet academique\smartFalleh\backend\node_modules\jest-mock\build\index.js:616:16)
    at Object.&lt;anonymous&gt; (D:\projet academique\smartFalleh\backend\src\auth\auth.service.spec.ts:110:10)
    at Promise.finally.completed (D:\projet academique\smartFalleh\backend\node_modules\jest-circus\build\jestAdapterInit.js:1557:28)
    at new Promise (&lt;anonymous&gt;)
    at callAsyncCircusFn (D:\projet academique\smartFalleh\backend\node_modules\jest-circus\build\jestAdapterInit.js:1497:10)
    at _callCircusTest (D:\projet academique\smartFalleh\backend\node_modules\jest-circus\build\jestAdapterInit.js:1007:40)
    at processTicksAndRejections (node:internal/process/task_queues:105:5)
    at _runTest (D:\projet academique\smartFalleh\backend\node_modules\jest-circus\build\jestAdapterInit.js:947:3)
    at D:\projet academique\smartFalleh\backend\node_modules\jest-circus\build\jestAdapterInit.js:849:7
    at _runTestsForDescribeBlock (D:\projet academique\smartFalleh\backend\node_modules\jest-circus\build\jestAdapterInit.js:862:11)
    at _runTestsForDescribeBlock (D:\projet academique\smartFalleh\backend\node_modules\jest-circus\build\jestAdapterInit.js:857:11)
    at run (D:\projet academique\smartFalleh\backend\node_modules\jest-circus\build\jestAdapterInit.js:761:3)
    at runAndTransformResultsToJestFormat (D:\projet academique\smartFalleh\backend\node_modules\jest-circus\build\jestAdapterInit.js:1918:21)
    at jestAdapter (D:\projet academique\smartFalleh\backend\node_modules\jest-circus\build\runner.js:101:19)
    at runTestInternal (D:\projet academique\smartFalleh\backend\node_modules\jest-runner\build\testWorker.js:275:16)
    at runTest (D:\projet academique\smartFalleh\backend\node_modules\jest-runner\build\testWorker.js:343:7)
    at Object.worker (D:\projet academique\smartFalleh\backend\node_modules\jest-runner\build\testWorker.js:497:12)</failure>
    </testcase>
    <testcase classname="AuthService" name="should return token and user data on login" time="0.006">
    </testcase>
    <testcase classname="AuthService" name="should return logout message" time="0.006">
    </testcase>
  </testsuite>
  <testsuite name="AuthService" errors="0" failures="1" skipped="0" timestamp="2025-11-25T22:10:24" time="0.843" tests="2">
    <testcase classname="AuthService" name="should return user when credentials are valid" time="0.024">
      <failure>UnauthorizedException: Utilisateur inactif
    at AuthService.validateUser (D:\projet academique\smartFalleh\backend\src\auth\auth.service.ts:22:13)
    at processTicksAndRejections (node:internal/process/task_queues:105:5)
    at Object.&lt;anonymous&gt; (D:\projet academique\smartFalleh\backend\src\auth\auth.controller.spec.ts:50:20)</failure>
    </testcase>
    <testcase classname="AuthService" name="should return logout message" time="0.011">
    </testcase>
  </testsuite>
  <testsuite name="CooperativeController" errors="0" failures="1" skipped="0" timestamp="2025-11-25T22:10:22" time="3.599" tests="1">
    <testcase classname="CooperativeController" name="should be defined" time="0.035">
      <failure>Error: Nest can&apos;t resolve dependencies of the CooperativeService (?). Please make sure that the argument &quot;CooperativeRepository&quot; at index [0] is available in the RootTestModule context.

Potential solutions:
- Is RootTestModule a valid NestJS module?
- If &quot;CooperativeRepository&quot; is a provider, is it part of the current RootTestModule?
- If &quot;CooperativeRepository&quot; is exported from a separate @Module, is that module imported within RootTestModule?
  @Module({
    imports: [ /* the Module containing &quot;CooperativeRepository&quot; */ ]
  })

For more common dependency resolution issues, see: https://docs.nestjs.com/faq/common-errors
    at TestingInjector.lookupComponentInParentModules (D:\projet academique\smartFalleh\backend\node_modules\@nestjs\core\injector\injector.js:286:19)
    at processTicksAndRejections (node:internal/process/task_queues:105:5)
    at TestingInjector.resolveComponentWrapper (D:\projet academique\smartFalleh\backend\node_modules\@nestjs\testing\testing-injector.js:19:45)
    at resolveParam (D:\projet academique\smartFalleh\backend\node_modules\@nestjs\core\injector\injector.js:140:38)
    at async Promise.all (index 0)
    at TestingInjector.resolveConstructorParams (D:\projet academique\smartFalleh\backend\node_modules\@nestjs\core\injector\injector.js:169:27)
    at TestingInjector.loadInstance (D:\projet academique\smartFalleh\backend\node_modules\@nestjs\core\injector\injector.js:75:13)
    at TestingInjector.loadProvider (D:\projet academique\smartFalleh\backend\node_modules\@nestjs\core\injector\injector.js:103:9)
    at D:\projet academique\smartFalleh\backend\node_modules\@nestjs\core\injector\instance-loader.js:56:13
    at async Promise.all (index 3)
    at TestingInstanceLoader.createInstancesOfProviders (D:\projet academique\smartFalleh\backend\node_modules\@nestjs\core\injector\instance-loader.js:55:9)
    at D:\projet academique\smartFalleh\backend\node_modules\@nestjs\core\injector\instance-loader.js:40:13
    at async Promise.all (index 1)
    at TestingInstanceLoader.createInstances (D:\projet academique\smartFalleh\backend\node_modules\@nestjs\core\injector\instance-loader.js:39:9)
    at TestingInstanceLoader.createInstancesOfDependencies (D:\projet academique\smartFalleh\backend\node_modules\@nestjs\core\injector\instance-loader.js:22:13)
    at TestingInstanceLoader.createInstancesOfDependencies (D:\projet academique\smartFalleh\backend\node_modules\@nestjs\testing\testing-instance-loader.js:9:9)
    at TestingModuleBuilder.createInstancesOfDependencies (D:\projet academique\smartFalleh\backend\node_modules\@nestjs\testing\testing-module.builder.js:118:9)
    at TestingModuleBuilder.compile (D:\projet academique\smartFalleh\backend\node_modules\@nestjs\testing\testing-module.builder.js:74:9)
    at Object.&lt;anonymous&gt; (D:\projet academique\smartFalleh\backend\src\cooperative\cooperative.controller.spec.ts:9:35)</failure>
    </testcase>
  </testsuite>
  <testsuite name="UsersController" errors="0" failures="0" skipped="0" timestamp="2025-11-25T22:10:22" time="3.748" tests="1">
    <testcase classname="UsersController" name="should be defined" time="0.075">
    </testcase>
  </testsuite>
</testsuites>